This is TeX, Version 3.14159 (Web2C 7.3.1) (format=latex 2006.1.30)  22 MAY 2007 10:58
**master.tex
(master.tex
LaTeX2e <2001/06/01>
Babel <v3.7h> and hyphenation patterns for american, french, german, ngerman, i
talian, nohyphenation, loaded.
(/usr/share/texmf/tex/latex/base/article.cls
Document Class: article 2001/04/21 v1.4e Standard LaTeX document class
(/usr/share/texmf/tex/latex/base/size12.clo
File: size12.clo 2001/04/21 v1.4e Standard LaTeX file (size option)
)
\c@part=\count79
\c@section=\count80
\c@subsection=\count81
\c@subsubsection=\count82
\c@paragraph=\count83
\c@subparagraph=\count84
\c@figure=\count85
\c@table=\count86
\abovecaptionskip=\skip41
\belowcaptionskip=\skip42
\bibindent=\dimen102
)
(/usr/share/texmf/tex/latex/fancyhdr/fancyhdr.sty
\headwidth=\dimen103
)
(/usr/share/texmf/tex/latex/graphics/epsfig.sty
Package: epsfig 1999/02/16 v1.7a (e)psfig emulation (SPQR)

(/usr/share/texmf/tex/latex/graphics/graphicx.sty
Package: graphicx 1999/02/16 v1.0f Enhanced LaTeX Graphics (DPC,SPQR)

(/usr/share/texmf/tex/latex/graphics/keyval.sty
Package: keyval 1999/03/16 v1.13 key=value parser (DPC)
\KV@toks@=\toks14
)
(/usr/share/texmf/tex/latex/graphics/graphics.sty
Package: graphics 2001/07/07 v1.0n Standard LaTeX Graphics (DPC,SPQR)

(/usr/share/texmf/tex/latex/graphics/trig.sty
Package: trig 1999/03/16 v1.09 sin cos tan (DPC)
)
(/usr/share/texmf/tex/latex/config/graphics.cfg)
Package graphics Info: Driver file: dvips.def on input line 80.

(/usr/share/texmf/tex/latex/graphics/dvips.def
File: dvips.def 1999/02/16 v3.0i Driver-dependant file (DPC,SPQR)
))
\Gin@req@height=\dimen104
\Gin@req@width=\dimen105
)
\epsfxsize=\dimen106
\epsfysize=\dimen107
)
(/usr/share/texmf/tex/plain/dvips/epsf.tex
This is `epsf.tex' v2.7k <10 July 1997>
\epsffilein=\read1
\epsfframemargin=\dimen108
\epsfframethickness=\dimen109
\epsfrsize=\dimen110
\epsftmp=\dimen111
\epsftsize=\dimen112
\epsfxsize=\dimen113
\epsfysize=\dimen114
\pspoints=\dimen115
\epsfnoopenhelp=\toks15
) (/usr/share/texmf/tex/latex/graphics/color.sty
Package: color 1999/02/16 v1.0i Standard LaTeX Color (DPC)

(/usr/share/texmf/tex/latex/config/color.cfg)
Package color Info: Driver file: dvips.def on input line 125.

(/usr/share/texmf/tex/latex/graphics/dvipsnam.def
File: dvipsnam.def 1999/02/16 v3.0i Driver-dependant file (DPC,SPQR)
))
(/usr/share/texmf/tex/latex/graphics/lscape.sty
Package: lscape 2000/10/22 v3.01 Landscape Pages (DPC)
)
(/usr/share/texmf/tex/latex/tools/longtable.sty
Package: longtable 2000/10/22 v4.10 Multi-page Table package (DPC)
\LTleft=\skip43
\LTright=\skip44
\LTpre=\skip45
\LTpost=\skip46
\LTchunksize=\count87
\LTcapwidth=\dimen116
\LT@head=\box26
\LT@firsthead=\box27
\LT@foot=\box28
\LT@lastfoot=\box29
\LT@cols=\count88
\LT@rows=\count89
\c@LT@tables=\count90
\c@LT@chunks=\count91
\LT@p@ftn=\toks16
) (newcomm.tex) (master.aux

LaTeX Warning: Label `whitlow' multiply defined.


LaTeX Warning: Label `whitlow' multiply defined.


LaTeX Warning: Label `whitlow' multiply defined.


LaTeX Warning: Label `whitlow' multiply defined.

)
\openout1 = `master.aux'.

LaTeX Font Info:    Checking defaults for OML/cmm/m/it on input line 39.
LaTeX Font Info:    ... okay on input line 39.
LaTeX Font Info:    Checking defaults for T1/cmr/m/n on input line 39.
LaTeX Font Info:    ... okay on input line 39.
LaTeX Font Info:    Checking defaults for OT1/cmr/m/n on input line 39.
LaTeX Font Info:    ... okay on input line 39.
LaTeX Font Info:    Checking defaults for OMS/cmsy/m/n on input line 39.
LaTeX Font Info:    ... okay on input line 39.
LaTeX Font Info:    Checking defaults for OMX/cmex/m/n on input line 39.
LaTeX Font Info:    ... okay on input line 39.
LaTeX Font Info:    Checking defaults for U/cmr/m/n on input line 39.
LaTeX Font Info:    ... okay on input line 39.
 (title.tex [1

]
LaTeX Font Info:    External font `cmex10' loaded for size
(Font)              <14.4> on input line 9.
LaTeX Font Info:    External font `cmex10' loaded for size
(Font)              <7> on input line 9.


LaTeX Warning: No \author given.

) [2] (master.toc
LaTeX Font Info:    External font `cmex10' loaded for size
(Font)              <12> on input line 2.
LaTeX Font Info:    External font `cmex10' loaded for size
(Font)              <8> on input line 2.
LaTeX Font Info:    External font `cmex10' loaded for size
(Font)              <6> on input line 2.
)
\tf@toc=\write3
\openout3 = `master.toc'.

 [3] (../daq_trigger/main.tex (../daq_trigger/overview.tex
Overfull \hbox (23.01756pt too wide) has occurred while \output is active
 []|| 
 []


Overfull \vbox (18.85002pt too high) has occurred while \output is active []


Overfull \hbox (23.01756pt too wide) has occurred while \output is active
[]||  
 []

[4]
Overfull \hbox (23.01756pt too wide) has occurred while \output is active
 []|| 
 []


Overfull \vbox (18.85002pt too high) has occurred while \output is active []


Overfull \hbox (23.01756pt too wide) has occurred while \output is active
[]||  
 []

[5]) (../daq_trigger/hardware_design.tex
Overfull \hbox (23.01756pt too wide) has occurred while \output is active
 []|| 
 []


Overfull \vbox (18.85002pt too high) has occurred while \output is active []


Overfull \hbox (23.01756pt too wide) has occurred while \output is active
[]||  
 []

[6]
Overfull \hbox (23.01756pt too wide) has occurred while \output is active
 []|| 
 []


Overfull \vbox (18.85002pt too high) has occurred while \output is active []


Overfull \hbox (23.01756pt too wide) has occurred while \output is active
[]||  
 []

[7]
Overfull \hbox (23.01756pt too wide) has occurred while \output is active
 []|| 
 []


Overfull \vbox (18.85002pt too high) has occurred while \output is active []


Overfull \hbox (23.01756pt too wide) has occurred while \output is active
[]||  
 []

[8]
Overfull \hbox (23.01756pt too wide) has occurred while \output is active
 []|| 
 []


Overfull \vbox (18.85002pt too high) has occurred while \output is active []


Overfull \hbox (23.01756pt too wide) has occurred while \output is active
[]||  
 []

[9]
Overfull \hbox (23.01756pt too wide) has occurred while \output is active
 []|| 
 []


Overfull \vbox (18.85002pt too high) has occurred while \output is active []


Overfull \hbox (23.01756pt too wide) has occurred while \output is active
[]||  
 []

[10]
Overfull \hbox (23.01756pt too wide) has occurred while \output is active
 []|| 
 []


Overfull \vbox (18.85002pt too high) has occurred while \output is active []


Overfull \hbox (23.01756pt too wide) has occurred while \output is active
[]||  
 []

[11]
Overfull \hbox (23.01756pt too wide) has occurred while \output is active
 []|| 
 []


Overfull \vbox (18.85002pt too high) has occurred while \output is active []


Overfull \hbox (23.01756pt too wide) has occurred while \output is active
[]||  
 []

[12]) (../daq_trigger/software.tex
Overfull \hbox (23.01756pt too wide) has occurred while \output is active
 []|| 
 []


Overfull \vbox (18.85002pt too high) has occurred while \output is active []


Overfull \hbox (23.01756pt too wide) has occurred while \output is active
[]||  
 []

[13]
Overfull \hbox (23.01756pt too wide) has occurred while \output is active
 []|| 
 []


Overfull \vbox (18.85002pt too high) has occurred while \output is active []


Overfull \hbox (23.01756pt too wide) has occurred while \output is active
[]||  
 []

[14]
Overfull \hbox (23.01756pt too wide) has occurred while \output is active
 []|| 
 []


Overfull \vbox (18.85002pt too high) has occurred while \output is active []


Overfull \hbox (23.01756pt too wide) has occurred while \output is active
[]||  
 []

[15]) (../daq_trigger/conclusion.tex
Overfull \hbox (23.01756pt too wide) has occurred while \output is active
 []|| 
 []


Overfull \vbox (18.85002pt too high) has occurred while \output is active []


Overfull \hbox (23.01756pt too wide) has occurred while \output is active
[]||  
 []

[16]))
Overfull \hbox (23.01756pt too wide) has occurred while \output is active
 []|| 
 []


Overfull \vbox (18.85002pt too high) has occurred while \output is active []


Overfull \hbox (23.01756pt too wide) has occurred while \output is active
[]||  
 []

[17] (master.aux)

LaTeX Warning: There were multiply-defined labels.

 ) 
Here is how much of TeX's memory you used:
 1065 strings out of 20880
 12374 string characters out of 197306
 60603 words of memory out of 350001
 4031 multiletter control sequences out of 10000+15000
 10022 words of font info for 35 fonts, out of 400000 for 1000
 14 hyphenation exceptions out of 10000
 32i,13n,40p,209b,311s stack positions out of 3000i,100n,1500p,50000b,4000s

Output written on master.dvi (17 pages, 42772 bytes).
