This is pdfeTeX, Version 3.141592-1.20a-2.2 (Web2C 7.5.3) (format=latex 2005.8.29)  5 APR 2007 16:46
entering extended mode
**Magnetic-shielding.tex
(./Magnetic-shielding.tex
LaTeX2e <2003/12/01>
Babel <v3.8d> and hyphenation patterns for american, french, german, ngerman, d
utch, italian, norsk, portuges, spanish, swedish, nohyphenation, loaded.
! Undefined control sequence.
l.1 \section
            {PMT Studies}
? 
! Emergency stop.
l.1 \section
            {PMT Studies}
End of file on the terminal!

 
Here is how much of TeX's memory you used:
 5 strings out of 95204
 162 string characters out of 1184352
 2045165 words of memory out of 4500000
 3225 multiletter control sequences out of 10000+50000
 3640 words of font info for 14 fonts, out of 2000000 for 2000
 58 hyphenation exceptions out of 1000
 5i,0n,1p,46b,8s stack positions out of 5000i,500n,6000p,200000b,40000s
 0 PDF objects out of 300000
 0 named destinations out of 131072
 1 words of extra memory for PDF output out of 65536
No pages of output.
